[Sending]	INSERT|1383879|"O"|181229|"al accounts haggle bli"
[Response]	insertsuccess
[Sending]	INSERT|1384544|"O"|276518|"riously. close\, even requests across the blithely r"
[Response]	insert
[Sending]	INSERT|1391554|"O"|103741|"ously even platelets. furiou"
[Response]	success
[Sending]	INSERT|1393795|"O"|196458|"ing foxes after the even\, ironic foxes sleep s"
[Response]	insertsuccess
[Sending]	INSERT|1408642|"O"|155349|"never furiously even ideas. ex"
[Response]	insert
[Sending]	INSERT|1410916|"O"|80917|"e among the carefully bold orbits. courts among the "
[Response]	successinsertsuccess
[Sending]	INSERT|2410080|"F"|28792|" bold escapades according to the blithely even accounts are carefull"
[Response]	insertsuccess
[Sending]	INSERT|1415524|"O"|183795|"y ironic grouches. slyly express pinto beans are carefully"
[Response]	insertsuccess
[Sending]	INSERT|4009671|"F"|368188|"counts. boldly ironic packages slee"
[Response]	insertsuccess
[Sending]	INSERT|2411843|"F"|268097|"terns about the fluffily express ideas sleep carefully unusual deposits. spe"
[Response]	insertsuccess
[Sending]	INSERT|1424359|"O"|66797|"arefully pending accounts cajole slyly around the instructions. slyly even a"
[Response]	insertsuccess
[Sending]	INSERT|4014275|"F"|241871|"pecial pinto beans. furiously regular ideas wake expre"
[Response]	insertsuccess
[Sending]	INSERT|2414820|"F"|62505|"nic sauternes are care"
[Response]	insert
[Sending]	INSERT|1425125|"O"|217384|"es. carefully ironic pinto beans cajole carefully theodolites. quickly reg"
[Response]	success
[Sending]	INSERT|4016771|"F"|167328|"counts: express accounts believe ironic\, final theodolites. quickly pending "
[Response]	insert
[Sending]	INSERT|2421319|"F"|72648|"s. bold\, bold sheaves sleep furiously alongside of the quickly regular i"
[Response]	successinsert
[Sending]	INSERT|1434050|"O"|130786|" the regular requests. blithely special instructions integr"
[Response]	success
[Sending]	INSERT|4030496|"F"|75990|" maintain near the regular frets. furiously final requests slee"
[Response]	insertsuccess
[Sending]	INSERT|2424288|"F"|326339|"ly even frays use slyly. regular deposits are blithely. carefully even excuse"
[Response]	insertsuccessinsertsuccess
[Sending]	INSERT|1435010|"O"|223428|"carefully unusual deposits. slyly ironic packages cajole ac"
[Response]	insertsuccess
[Sending]	INSERT|4034274|"F"|95014|" regular attainments. quickly ironic accounts wake ca"
[Response]	insertsuccess
[Sending]	INSERT|2441157|"F"|248337|"y ironic platelets wa"
[Response]	insert
[Sending]	INSERT|1450531|"O"|198665|" wake. slowly final requests cajole carefully"
[Response]	successinsertsuccess
[Sending]	INSERT|2826948|"F"|114434|". carefully sly packages around the requests sleep carefully"
[Response]	insertsuccess
[Sending]	INSERT|5219|"O"|34965|"aggle always. foxes above the ironic deposits "
[Response]	insertsuccess
[Sending]	INSERT|4034400|"F"|94262|"ending theodolites haggle slyly. special dependenc"
[Response]	insertsuccess
[Sending]	INSERT|3405412|"F"|30779|"to beans. pinto beans could cajole furiously. flu"
[Response]	insertsuccess
[Sending]	INSERT|3797253|"O"|310830|"even deposits. even\, final instruct"
[Response]	insertsuccess
[Sending]	INSERT|214817|"O"|132645|"en packages haggle quickly except the final d"
[Response]	insertsuccess
[Sending]	INSERT|1454756|"O"|252854|"ch. furiously ironic excuses behind the deposits doubt carefully even pac"
[Response]	insertsuccess
[Sending]	INSERT|4041249|"F"|214437|"long the carefully regul"
[Response]	insertsuccess
[Sending]	INSERT|1827266|"O"|314959|"the carefully even foxes!"
[Response]	insertsuccess
[Sending]	INSERT|3421568|"F"|163426|"even pinto beans. express\, final packa"
[Response]	insertsuccess
[Sending]	INSERT|7365|"O"|220681|"haggle bravely! slyly even requests sleep carefully careful"
[Response]	insertsuccess
[Sending]	INSERT|4993632|"F"|141030|" sleep blithely along the packag"
[Response]	insertsuccess
[Sending]	INSERT|2835463|"F"|19129|"ar theodolites. deposits haggle furiously regular accounts. final courts after"
[Response]	insertsuccess
[Sending]	INSERT|1466368|"O"|249285|"fully final requests above the"
[Response]	insert
[Sending]	INSERT|229667|"O"|183833|"yly final accounts can play idly furiously fin"
[Response]	successinsertsuccess
[Sending]	INSERT|3797830|"O"|17161|"ffix quickly pending foxes. foxes nag: final\, express requests nag. slyly"
[Response]	insertsuccess
[Sending]	INSERT|4041888|"F"|206115|"ously against the carefully final excuses; regular pearls wake. bold ide"
[Response]	insertsuccess
[Sending]	INSERT|3429762|"F"|262608|"deposits. final\, express deposits wake. slyly pending fr"
[Response]	insertsuccess
[Sending]	INSERT|12647|"O"|33822|". regular theodolites sleep after the care"
[Response]	insertsuccess
[Sending]	INSERT|1827684|"O"|246424|"ilent packages lose among the "
[Response]	insertsuccess
[Sending]	INSERT|4994339|"F"|260718|"es. ironically final acco"
[Response]	insertsuccess
[Sending]	INSERT|2840960|"F"|167210|"totes play slyly unusual grouches. slyly regular account"
[Response]	insertsuccess
[Sending]	INSERT|1472513|"O"|176586|" quickly even instructions are furiously carefully regular th"
[Response]	insertsuccess
[Sending]	INSERT|237988|"O"|94776|"ades boost blithely final pack"
[Response]	insertsuccess
[Sending]	INSERT|1128743|"O"|94856|"es are carefully about the slyly si"
[Response]	insertsuccess
[Sending]	INSERT|4049569|"F"|169349|"ious deposits. express\, ir"
[Response]	insertsuccess
[Sending]	INSERT|3800102|"O"|185876|"equests. furiously unusual accou"
[Response]	insertsuccess
[Sending]	INSERT|1832455|"O"|208245|"egular decoys. fluffily expre"
[Response]	insertsuccess
[Sending]	INSERT|21698|"O"|227985|"requests are about the final\, fina"
[Response]	insertsuccess
[Sending]	INSERT|3437538|"F"|180542|" special deposits wake ironic accounts. requests breach slyly silent instruc"
[Response]	insertsuccess
[Sending]	INSERT|242178|"O"|88703|"xcuses. furiously final "
[Response]	insertsuccess
[Sending]	INSERT|4997127|"F"|65508|"ly final deposits wake carefully ex"
[Response]	insertsuccess
[Sending]	INSERT|1472960|"O"|17528|" furiously after the packages. quickly even id"
[Response]	insertsuccess
[Sending]	INSERT|4051173|"F"|90727|"ong the deposits. quickl"
[Response]	insertsuccess
[Sending]	INSERT|1832865|"O"|75269|" regular\, ironic package"
[Response]	insertsuccess
[Sending]	INSERT|3800352|"O"|39159|"uickly above the quickly ironic instructions; even requests about t"
[Response]	insertsuccess
[Sending]	INSERT|2844550|"F"|127129|"tes sleep. slyly ironic requests hang fluffily inside the carefully regular de"
[Response]	insertsuccess
[Sending]	INSERT|243235|"O"|246087|"riously ironic dependencies haggle along"
[Response]	insert
[Sending]	INSERT|4057701|"F"|191950|"equests. pinto bean"
[Response]	successinsertsuccess
[Sending]	INSERT|3445187|"F"|291443|"urious packages. regular accounts across the quickly blithe de"
[Response]	insertsuccess
[Sending]	INSERT|1129761|"O"|81323|"dencies impress ironic deposits. furiously regular ideas could have "
[Response]	insertsuccess
[Sending]	INSERT|35876|"O"|223063|"ep slyly. furiously unusual theodolites impress blithely ironic accounts. "
[Response]	insertsuccess
[Sending]	INSERT|4999269|"F"|64093|"y about the enticingly unusual de"
[Response]	insertsuccess
[Sending]	INSERT|1473126|"O"|147708|"iously special platelets thrash carefull"
[Response]	insertsuccess
[Sending]	INSERT|1833639|"O"|228962|"y regular requests. theodolites boost."
[Response]	insertsuccess
[Sending]	INSERT|247779|"O"|278936|"r attainments cajol"
[Response]	insertsuccess
[Sending]	INSERT|2848387|"F"|93788|"ending theodolites use about t"
[Response]	insertsuccess
[Sending]	INSERT|3806339|"O"|195306|"sly pending foxes. furiously final requests wake about the ironic\, ironic d"
[Response]	insertsuccess
[Sending]	INSERT|3451173|"F"|273670|"osits. silent theodolites haggle"
[Response]	insertsuccess
[Sending]	INSERT|4060996|"F"|249801|"ctions. instructions against the carefully thin not"
[Response]	insertsuccess
[Sending]	INSERT|3568482|"O"|239890|" slyly. accounts are "
[Response]	insertsuccess
[Sending]	INSERT|5001184|"F"|60288|" the bold theodolites "
[Response]	insertsuccess
[Sending]	INSERT|1483047|"O"|37704|"ts use slyly across the idly regular f"
[Response]	insertsuccess
[Sending]	INSERT|43300|"O"|52391|"s. express requests are. ironic requests are carefully after th"
[Response]	insertsuccess
[Sending]	INSERT|1838497|"O"|172642|"tructions. slyly bold foxes boost enticingly special deposits."
[Response]	insertsuccess
[Sending]	INSERT|2848741|"F"|187871|"y above the quickly final accounts. courts sleep special "
[Response]	insertsuccess
[Sending]	INSERT|259362|"O"|141058|"detect furiously express packages. blithely unusual forges nag. ex"
[Response]	insertsuccess
[Sending]	INSERT|4063589|"F"|240389|"yly regular requests do nag fluffily fl"
[Response]	insertsuccess
[Sending]	INSERT|3572805|"O"|228386|" after the bold packages. dep"
[Response]	insertsuccess
[Sending]	INSERT|1490821|"O"|72698|"ithe Tiresias. ironic accounts are fur"
[Response]	insertsuccess
[Sending]	INSERT|3811526|"O"|69260|"ously final requests above the accounts boost alongside of the packages. "
[Response]	insertsuccess
[Sending]	INSERT|44544|"O"|202843|"ing to the bold requests. sl"
[Response]	insertsuccess
[Sending]	INSERT|5017575|"F"|212216|"e alongside of the carefully silent deposits. quick"
[Response]	insertsuccess
[Sending]	INSERT|3461381|"F"|218319|"ding pinto beans sleep slyly regular pinto beans. carefully even pinto beans "
[Response]	insertsuccess
[Sending]	INSERT|4065700|"F"|29957|"ccounts. final requests wa"
[Response]	insertsuccess
[Sending]	INSERT|1839717|"O"|183301|"usly blithely pending instructions. final\, silent "
[Response]	insertsuccess
[Sending]	INSERT|260097|"O"|71615|"es. regular\, regular deposits from the furiously ironic packages nag"
[Response]	insertsuccess
[Sending]	INSERT|3827745|"O"|98826|"lyly ironic deposits. quickly sp"
[Response]	insertsuccess
[Sending]	INSERT|1497602|"O"|359611|"carefully final accounts according to the regularly "
[Response]	insertsuccess
[Sending]	INSERT|2855268|"F"|190563|"bold requests. silent instructions cajole blithely. furiously unusual deposit"
[Response]	insertsuccess
[Sending]	INSERT|3470214|"F"|121987|"lar foxes eat slyly across the furiously"
[Response]	insertsuccess
[Sending]	INSERT|3576128|"O"|107475|"gular foxes. fluffily pending grouches around the blithely e"
[Response]	insertsuccess
[Sending]	INSERT|49568|"O"|75660|"nal packages. carefully unusual asymptotes eat carefully. quickly eve"
[Response]	insertsuccess
[Sending]	INSERT|5020067|"F"|215675|"e the grouches wake furiously about the furiously regular shea"
[Response]	insertsuccess
[Sending]	INSERT|4066080|"F"|87715|"y even packages are quic"
[Response]	insert
[Sending]	INSERT|1844736|"O"|208555|"egular asymptotes. fin"
[Response]	successinsertsuccess
[Sending]	INSERT|263168|"O"|20465|"ate carefully alongside of the slowly bold "
[Response]	insertsuccess
